3 div 3
6 div 3
15 div 3
21 div 3
36 div 3
45 div 3
66 div 3
78 div 3
105 div 3
120 div 3
153 div 3
171 div 3
210 div 3
231 div 3
276 div 3
300 div 3
351 div 3
378 div 3
435 div 3
465 div 3
528 div 3
561 div 3
630 div 3
666 div 3
741 div 3
780 div 3
861 div 3
903 div 3
990 div 3
1035 div 3
1128 div 3
1176 div 3
1275 div 3
1326 div 3
1431 div 3
1485 div 3
1596 div 3
1653 div 3
1770 div 3
1830 div 3
1953 div 3
2016 div 3
2145 div 3
2211 div 3
2346 div 3
2415 div 3
2556 div 3
2628 div 3
2775 div 3
2850 div 3
3003 div 3
3081 div 3
3240 div 3
3321 div 3
3486 div 3
3570 div 3
3741 div 3
3828 div 3
4005 div 3
4095 div 3
4278 div 3
4371 div 3
4560 div 3
4656 div 3
4851 div 3
4950 div 3
