Case 1:
ABCDEFGHIJKLMNOPQRSTUVWXYZ
ABCDEFGHIJKLMNOPQRSTUVWXZY
ABCDEFGHIJKLMNOPQRSTUVWYXZ
ABCDEFGHIJKLMNOPQRSTUVWYZX
ABCDEFGHIJKLMNOPQRSTUVWZXY
ABCDEFGHIJKLMNOPQRSTUVWZYX
ABCDEFGHIJKLMNOPQRSTUVXWYZ
ABCDEFGHIJKLMNOPQRSTUVXWZY
ABCDEFGHIJKLMNOPQRSTUVXYWZ
ABCDEFGHIJKLMNOPQRSTUVXYZW
ABCDEFGHIJKLMNOPQRSTUVXZWY
ABCDEFGHIJKLMNOPQRSTUVXZYW
ABCDEFGHIJKLMNOPQRSTUVYWXZ
ABCDEFGHIJKLMNOPQRSTUVYWZX
ABCDEFGHIJKLMNOPQRSTUVYXWZ
ABCDEFGHIJKLMNOPQRSTUVYXZW
ABCDEFGHIJKLMNOPQRSTUVYZWX
ABCDEFGHIJKLMNOPQRSTUVYZXW
ABCDEFGHIJKLMNOPQRSTUVZWXY
ABCDEFGHIJKLMNOPQRSTUVZWYX
ABCDEFGHIJKLMNOPQRSTUVZXWY
ABCDEFGHIJKLMNOPQRSTUVZXYW
ABCDEFGHIJKLMNOPQRSTUVZYWX
ABCDEFGHIJKLMNOPQRSTUVZYXW
ABCDEFGHIJKLMNOPQRSTUWVXYZ
ABCDEFGHIJKLMNOPQRSTUWVXZY
ABCDEFGHIJKLMNOPQRSTUWVYXZ
ABCDEFGHIJKLMNOPQRSTUWVYZX
ABCDEFGHIJKLMNOPQRSTUWVZXY
ABCDEFGHIJKLMNOPQRSTUWVZYX
Case 2:
ABCDEFGHIJ
ABCDEFGHJI
ABCDEFGIHJ
ABCDEFGIJH
ABCDEFGJHI
ABCDEFGJIH
ABCDEFHGIJ
ABCDEFHGJI
ABCDEFHIGJ
ABCDEFHIJG
