492
221320832
16363874
321272075
328523807
203863302
85584610
257364354005730388
471766962238424148
498352910
15194165
372735052882282659
598108007
60203220
115415390
163709
6218121
77178779
29849385
40426662
233166205
17826080
5784
119957
190488620
178701654
217649660
338153004
452401235
9196700
348442534
112972547
18499200
4141005
347919149
609430457
744665720
173734536
126164359
321473516951973603
712233379
37728655781209428
153655212349522963
399906030
29406845
200160325
41169050
363048116178157203
23339204
609287885
416234975382111588
238514842
93251390
62127170
88002942
425892137649336003
563345
32552925
2330855
571275146
3812580
113815
178713638922165588
50986910
55688657
523317462
209889924
432787304832870228
37025001
102815628
60264919
729586826
133203380
195255495
64606945542948883
52168779
4556109
25849794
8545265
655183414
16684524
7455864
144841253
7707675
68846055
221381825
944964810
253032282
83140877
71055050
11271260
136281105
224599619
184249
333667722
348642665
2900125
62921152256932659
20548574
226531637292315988
97993269
84165078
190648890
4128905
2932644
32957345
317492039431582659
474739871522379108
459650330
7993866
22381269
486122372924595843
172906164
34894680
357229014
733211975
209333701
25431137
411539112
143438796
675227924
313950078
341065844
11014730
196985270
440684795864083284
119253
204108954
454210194
208363367
5990321
63884741399921683
169396621494949923
81135434
51140835
316808702
30686835
406969730065211203
122222682
109904378
74131695
121396709
413869610
365932440
56381114
693912644
427809105496571988
21150926
37732969
276409079240427108
589341
113696304
764336
263565491
55455530
417923165305271908
525025265
99974489
58208115
420364536040132659
3708235
7330115
472789361
46579605
96089816267994468
88185824
137391791
28434774
517388385
440848445235418468
596251194
209730799
67633859
59603099
13367274
3870
3902399
289756090
390992496872292948
53555986
5874020
15520725
24179
738147
53386052
856891569
154493955
36547485
8168547
182484091
30459630
319501605
64309112
2337419
29554239
471588005
325571625
102835278
595490
273693224
8642385556882788
629193920
156999341166200803
33922509
61043265
35841357
102244637
1443003
32945426
9981054
119411830
132244158272179443
222354
261807755972458068
75970422
12684759
763899471
67751505
23252995
276319581
170758500
180805460
303202049
79776449
481086734
384775803264678723
456312299088316083
200853405
756103389
186979535
78629600
38449442
684936695
194136246
226635980361886083
31285070
45783450
251620356
283784705
95648039
135862975
183803169
290940
105440435
408123226
502888429
48980084
34997040
26412354
411972735
346654516495664163
204278056446753363
180277579
343235607
316117
572653244
90707670
59719575
127574744
21996480
6614652
342691904309937508
394994993866028388
610712195
11568410
8817134
7823570
5663828
534439224
479020528655661363
422730074
215048845
229237494
39827512
321541260
356146775
18136619
54910170
398745575
68898521
461819094455387748
24881582532570708
329571707257562563
533159010
9389165
84777985354519908
10130504
1359819
842778122
208799510
555089534
36867955248383203
3403784
322513400928146788
52194155
92610545
11881769
111082130
58085292
20070335
174448555093282659
381727578
182778935
14860785
216156530
134132130
18630804
123616239
242758775
42818285
84004827
393287615
349588359
64778825
24180
669126756
7784322
430675367
360065973206275668
94778606
520255217
159824924
187442771
220756429
330239755
181072854
38465939945608548
367481604
16970265
164751944
17187942
172857578
54457988727482659
155043734
1005444
160499457
3977
512778126
17187942
406713174481605988
356891668358853603
495041240
662760384
387145476927412308
208094
8396790
74619822
9068474
23156465
5855270
26216070
107442128
112415739
139576442
16196354
287940764
97303200
476468979
216681697
535216779
618591259
241859976602323284
25085360
183835602
132511874
87885739
23415464
383632402441523028
6467705
120675764
300512030
104587430
239300205
40145765
132547439
7562450
532438115
17516270
11391299
169116702
259790506223928148
513089795
565971699
322414715
93905030
379396808330323284
20538629
359069603269329603
59907169
75910637
228799214
3279359
5830529
112958384
213810903
3545829
55356116
271931973360735123
76478559
15185864
15528179
131789079054975843
1673895
1866134
3538577
46622630
193242225403958628
111061412
253186479
76343912472985203
433944197036471908
127615326
420532622978758083
487863001
64464257
15640232
8490
379258097
42146009130403668
114020600
6380846
143187215
30755610
328823214
79795824733300308
165483845
276210536227123284
43425
96441613143948963
440032320
838037903
175685054
26972714
25011456
198759878
25340
205838555
422621
417089700
383896405457994963
2442086
596024384
275604209
502980914
605144264
140595335
334174424
24526850
185513745
12784680
730268475
64760
343799557131437668
271520207
596103549
1895895
107014959
69530831973373284
1214460
9781001
16020185
189179436
79654602
165426793465135443
49437065
276798510
66523600
14261634
17944374
410495654
236190483109232659
13636392
234949290190786243
8508344
1673895
439177679
11888835
323684912
338618513558173284
56876315
95854859
18465
595423049
1962485
144890045
132104270
334970
24299003
499212
44589045
20744126
430531602
291867729649922643
103689123928910803
34629699
609287885
516592495
618241545
212665425745523284
123072215
169726800160494948
253365329
14124753
7069334
31626717
214400822
88560320270333284
204389217
333498575
403171460
69469445
70373525
136298910
1975746
784784319
32602614
6600359
89101511
101659802
7567469
13402990
14992809
525414392
266258340
130840704
575838281
505576
147682104
7361524
437897258787829348
201733520
42075753
63403039746282243
321378922740745828
157791146
23649594
258173732864083284
3576860
211456328
358405344
381825317
761139
60876849
22165020
17330852
259487562659067523
365966772
108252650
257060666298574243
187616834
197102522
230801056079110563
142878644
206042457
294254947
126928250
808666442
492780835
219832165
267382674
25806545
49279665
2776844
98137599
205769286763282659
70066334
314266965
1732242
218570627495441748
28115565
220840097
188162280
4545780
620420702
9822495
1424664
1571609
1133900
138380601
98094255
179102962
6517356
114708500
2282689
534875432
614166885
49789487
385259790
186389940
332454030
199380695
9541880
250110600
761139
76017128
335474265
412234034
576877664
171137340
53903345
82899704
3168900
650398667
30998080
5245400
123573034
417997685
29784449
99040780
35577330
35560
189920774
179510304
207604935
440212578
191589659
75300830
419018524241616243
91271625074954643
516493909
1360629
192890354
359160230384137828
164494574
95667545
79589667
261278
118522730
145468505
333335
1417050
97680434
375672795885045348
112513603772182659
174702270
512021835
62057235
498507705
323174522856232659
499990703
358306572
6770962
923620640
42033680
10512109
240919840
59719575
488957987608573284
644070114
100600835
60780
48112349
141119195
45088161
871099875
157966685
340194560505755203
13198920
387806925
523440890
264021966894175588
10929574
103223849
237120386513810788
818372034
1740374
238668338893329523
802826247
47768257276573284
401822789362238323
275813327666913108
95052744
2649180
515748470
66960974
22173554
58106894
169116702
25637430
259291682
206371045
4387578
982213172
383192208949305843
7010742
138934403
423346887
245884395
500990735
21735467
522658630
265064
383976855
601768367
34033557
5141042
9781001
312370349
429222907479228643
193387611
52061729
409246299
59880995
413117814
111164
13392800
57919575
295260
608721476
33175160
3279369
125560
171907569
228940295
35723322
184535067
112847690
3056960
270083187
370341245
21448751
175524866
320621813059778148
309958134
154676899
3240584
29655392
10961475
213810903
359794351202847843
94381370
4434211
468510886
754671650
850032974
357164213215885908
396902244548723284
36121025
356709923663889043
155709477
804335094
456712755665274468
745893294
333966719594323284
215516738061736723
200861647310153683
284220469
6950087
632520
104106753
471217948172837763
105730106
21408726
839
351358669
607674880
2507709
8538795
125053604
698823665
60353292
9674349
28456884
3332219
97230410
343824
383976855
4265025
195179041646175828
120902594
242131539
284778
36239025
63087445
304812161
826040781
280895
463486744981778163
24644700
609926240
363811241
76864166
14301010
54258375
568639224
77994059
168838437
252972487
2667245
16272269
2138709
155866503
63021275
859195955
230992430
410669245
76582286604209283
84004827
12644330
163648295
55375671
112804705
128116319
26003235
447440892
332673104
53122870576080228
619021630
808231397
370238009
125729624
126881279
521975925
1338570
357965309
210336394881774948
232148216
180131655172688083
129440
250152744
107976619
279085415275443123
98667276559594068
36551190
82573669
31310270
14548754
95855227967057748
187799195
114621
469118160
1203607
45691665
445226094
230054151
4197485
14591255
439090986
294306
2236670
84667580
142234224
117406675
641767634
47673954
257309915
23952267
440324290
34700385
112301969
59628080
894363809
160883580
17537
158718765
177875585
3429740
460147560872043123
654689244
273227486770333284
601464545
142761930
342040595
400400130
155296328
32925970811526243
172529850
71345054
10945919
228095675442245683
475909928593426323
230005965
15801535
341490365828552643
216103069
1322789
54320265
114940417760769108
2642955
14501894
19774587
18364807
94889999
16679459
107147179
25897182
176439225
404940255
189898407767093203
92855010
77012535
418089449
132607670
613633785
60381012
7731762
1562222
45279389
80081075
13240226
20529262568713843
49112667
34750407
115415390
5707517
37409649
572266
627870315
637292442
305634958448389363
407
246555345
92173290
510282237
62266929
74902236
118463550
16719378
148811770
5828059
167082613375010148
264424015073474148
378334508875905108
378440
347543951
195661010
67633859
780934380
60628850
210018399993982659
919979925
22266065
78211286
1933220
110457045
562200155
390072279
64742
184542905
86299155
194964012188665188
322796798156177443
337812324
82586685
44103105
300954050
2876712
9438904
839
563831645
397616654
31273696
27668399
2587065
422288054
910360
30368324
410807307
878559122
90860320
543742128
87910040
60812772
326472879864083284
9378837
15002604
26883527
7022224
181547834889373284
20302905
130377975
494518159599958963
997130
493607288644273603
80968737
250967335128485203
24414566
10500625
30618379
25794005
409274989162215508
324966558475256148
284415814752695523
413102149988040163
146437829
1593203
7187312
39408684
100404335
209996415
32237787
262311423706747923
285619086
286493780
203851605316148643
268502779
408801042
347573481398442243
425725217554899763
13394049
