21
3
10
15
Case 1: 10 3
1275
300
66
153
105
78
91
Case 2: 91 9
1215539261019562496
9527256758359666432
16216872229247080320
8665904067926657984
11389848049930190304
12070834047384198384
7629394529296875000
1907348631835937500
476837157714843750
119209289306640625
29802322265625000
7450580474853516
1862645103454590
465661268234253
116415313243866
29103822588921
7275954693556
1818987242878
454746572301
1023180145305
710541072186
575538429403
513365646003
483612029550
498377817876
505843474051
502103708151
500238528441
499307739778
499772525878
500005500015
499888506216
499946501431
499975500300
499990500045
499997500003
500001500001
499999500000
500000500000
Case 3: 499999500000 500000
