Case 1:
0
1
1
3
3
2
2
7
7
6
Case 2:
0
1
1
1
1
0
1
4
2
3
Case 3:
0
0
0
0
1
3
5
6
7
8
Case 4:
0
1
1
1
0
4
6
7
4
2
Case 5:
0
0
2
2
0
0
1
1
5
1
Case 6:
0
1
2
3
0
0
0
1
5
0
Case 7:
0
0
2
0
0
5
3
3
6
8
Case 8:
0
0
0
0
3
1
1
7
6
0
Case 9:
0
0
2
2
1
0
0
1
4
9
Case 10:
0
1
1
0
0
3
2
0
6
4
Case 11:
0
1
0
2
2
2
3
0
8
5
Case 12:
0
1
1
1
1
1
4
3
1
5
Case 13:
0
0
0
2
3
5
4
2
0
2
Case 14:
0
0
1
2
1
1
6
6
4
2
Case 15:
0
0
2
0
2
0
6
1
6
6
Case 16:
0
1
2
1
2
5
0
7
4
1
Case 17:
0
0
2
2
3
1
5
0
0
7
Case 18:
0
1
0
2
0
4
5
4
4
7
Case 19:
0
0
0
1
4
5
3
2
6
1
Case 20:
0
1
2
2
2
0
2
2
7
3
Case 21:
0
0
2
2
4
0
3
7
7
8
Case 22:
0
1
0
3
3
5
0
5
0
5
Case 23:
0
0
1
1
1
3
3
1
5
5
Case 24:
0
1
2
3
4
4
3
5
2
0
Case 25:
0
1
1
3
1
1
4
5
4
3
Case 26:
0
0
2
2
3
4
6
1
3
9
Case 27:
0
0
1
0
2
5
1
2
1
1
Case 28:
0
1
1
1
1
2
0
0
5
7
Case 29:
0
0
0
0
3
4
0
2
8
2
Case 30:
0
1
1
0
0
4
0
0
4
3
Case 31:
0
1
0
2
2
1
1
3
2
3
Case 32:
0
0
1
0
1
1
3
6
4
2
Case 33:
0
0
1
0
0
5
1
5
8
3
Case 34:
0
0
0
3
2
0
6
4
0
2
Case 35:
0
1
2
1
0
2
1
5
3
8
Case 36:
0
0
1
2
0
1
3
3
2
1
Case 37:
0
1
1
1
3
5
6
7
4
5
Case 38:
0
1
0
1
1
1
0
6
0
5
Case 39:
0
0
1
0
2
0
6
1
3
8
Case 40:
0
0
0
0
0
4
0
6
1
2
Case 41:
0
1
0
1
2
2
2
3
7
3
Case 42:
0
0
2
0
0
1
5
6
6
7
Case 43:
0
0
0
2
1
0
0
0
3
9
Case 44:
0
0
2
1
4
5
3
6
0
8
Case 45:
0
1
0
0
1
2
0
4
1
8
Case 46:
0
0
1
1
2
3
1
3
1
5
Case 47:
0
1
0
3
1
2
1
2
8
1
Case 48:
0
0
2
2
2
4
3
5
1
1
Case 49:
0
1
2
0
4
2
0
5
2
9
Case 50:
0
1
0
1
0
3
1
3
3
9
Case 51:
0
1
1
2
1
5
6
7
3
7
Case 52:
0
1
2
0
4
3
0
2
2
1
Case 53:
0
0
1
0
0
1
1
0
7
1
Case 54:
0
1
2
1
2
2
6
5
7
9
Case 55:
0
1
0
3
2
0
6
6
1
9
Case 56:
0
1
1
1
3
4
0
2
2
4
Case 57:
0
0
1
3
0
1
6
0
1
4
Case 58:
0
1
2
2
3
0
1
2
4
9
Case 59:
0
1
0
3
1
4
5
3
7
0
Case 60:
0
0
0
3
3
5
3
6
1
8
Case 61:
0
0
1
1
2
1
0
3
0
9
Case 62:
0
1
1
1
2
3
0
1
0
8
Case 63:
0
0
2
3
2
4
5
0
6
8
Case 64:
0
1
0
0
4
5
3
7
0
3
Case 65:
0
0
0
0
0
4
4
0
2
7
Case 66:
0
1
0
1
1
3
5
1
2
0
Case 67:
0
0
1
1
1
5
4
0
0
1
Case 68:
0
0
2
2
4
0
4
4
8
1
Case 69:
0
1
1
3
0
3
3
6
4
5
Case 70:
0
0
1
1
1
5
6
0
6
4
Case 71:
0
1
2
1
2
3
3
5
2
6
Case 72:
0
0
1
2
1
1
3
5
7
4
Case 73:
0
1
0
2
0
0
6
3
0
7
Case 74:
0
0
0
3
4
3
5
6
2
8
Case 75:
0
0
1
3
1
2
0
2
1
3
Case 76:
0
0
0
2
3
4
6
5
1
9
Case 77:
0
1
2
2
4
5
6
0
0
0
Case 78:
0
1
1
0
0
4
5
1
2
5
Case 79:
0
1
0
0
0
3
0
7
5
2
Case 80:
0
0
0
0
1
2
5
6
1
8
Case 81:
0
1
1
3
1
1
2
6
3
5
Case 82:
0
0
2
2
1
2
4
7
6
4
Case 83:
0
1
1
0
1
1
2
6
0
3
Case 84:
0
1
1
2
1
0
5
4
8
0
Case 85:
0
1
0
3
0
0
0
5
8
0
Case 86:
0
0
2
3
2
0
4
0
4
4
Case 87:
0
0
2
1
3
0
3
6
4
4
Case 88:
0
0
1
0
4
0
4
5
8
4
Case 89:
0
1
2
1
4
4
6
4
5
4
Case 90:
0
1
2
0
0
0
5
5
2
0
Case 91:
0
0
0
1
4
1
2
3
2
6
Case 92:
0
1
1
3
4
5
3
1
7
2
Case 93:
0
0
0
0
2
1
4
2
7
2
Case 94:
0
0
0
1
0
5
5
7
0
6
Case 95:
0
1
1
2
3
0
4
0
8
8
Case 96:
0
0
1
2
3
4
1
7
6
1
Case 97:
0
0
1
3
3
0
5
4
8
8
Case 98:
0
0
1
2
0
4
0
6
6
2
Case 99:
0
0
2
0
3
5
6
4
8
5
Case 100:
0
1
2
0
1
2
2
7
5
6
