Case 1:
10252
10308
10658
10794
10858
10922
10986
11253
11314
11757
11898
11950
12291
12355
12419
Case 2:
10252
10308
10658
10794
10858
10922
10986
11253
11314
11757
11898
11950
12291
12355
12419
Case 3:
10252
10308
10658
10794
10858
10922
10986
11253
11314
11757
11898
11950
12291
12355
12419
Case 4:
10252
10308
10658
10794
10858
10922
10986
11253
11314
11757
11898
11950
12291
12355
12419
Case 5:
10252
10308
10658
10794
10858
10922
10986
11253
11314
11757
11898
11950
12291
12355
12419
Case 6:
10252
10308
10658
10794
10858
10922
10986
11253
11314
11757
11898
11950
12291
12355
12419
Case 7:
10252
10308
10658
10794
10858
10922
10986
11253
11314
11757
11898
11950
12291
12355
12419
Case 8:
10252
10308
10658
10794
10858
10922
10986
11253
11314
11757
11898
11950
12291
12355
12419
Case 9:
10252
10308
10658
10794
10858
10922
10986
11253
11314
11757
11898
11950
12291
12355
12419
Case 10:
10252
10308
10658
10794
10858
10922
10986
11253
11314
11757
11898
11950
12291
12355
12419
